
Call chain: (MACHINE_TYPE)

  item <stop#> in ~beta/basiclib/private/betaenvbody
  item <pp#>p# in ~beta/betarun/MACHINE_TYPE/TST/tstdump/tstdump40
  item pp#<p#> in ~beta/betarun/MACHINE_TYPE/TST/tstdump/tstdump40
  comp <a#> in ~beta/betarun/MACHINE_TYPE/TST/tstdump/tstdump40

  item <qq#>q# in ~beta/betarun/MACHINE_TYPE/TST/tstdump/tstdump40
  item qq#<q#> in ~beta/betarun/MACHINE_TYPE/TST/tstdump/tstdump40
  comp <b#> in ~beta/betarun/MACHINE_TYPE/TST/tstdump/tstdump40

  comp <PROGRAM-~> in ~beta/betarun/MACHINE_TYPE/TST/tstdump/tstdump40

  basic component in ~beta/basiclib/betaenv


Low level information:

Call chain: (MACHINE_TYPE)

  item <stop#> in ~beta/basiclib/private/betaenvbody
    -- BETAENV-~ in ~beta/basiclib/betaenv
  item <pp#>p# in ~beta/betarun/MACHINE_TYPE/TST/tstdump/tstdump40
    -- a# in ~beta/betarun/MACHINE_TYPE/TST/tstdump/tstdump40
  item pp#<p#> in ~beta/betarun/MACHINE_TYPE/TST/tstdump/tstdump40
    -- PROGRAM-~ in ~beta/betarun/MACHINE_TYPE/TST/tstdump/tstdump40
  comp <a#> in ~beta/betarun/MACHINE_TYPE/TST/tstdump/tstdump40
    -- PROGRAM-~ in ~beta/betarun/MACHINE_TYPE/TST/tstdump/tstdump40

  item <qq#>q# in ~beta/betarun/MACHINE_TYPE/TST/tstdump/tstdump40
    -- b# in ~beta/betarun/MACHINE_TYPE/TST/tstdump/tstdump40
  item qq#<q#> in ~beta/betarun/MACHINE_TYPE/TST/tstdump/tstdump40
    -- PROGRAM-~ in ~beta/betarun/MACHINE_TYPE/TST/tstdump/tstdump40
  comp <b#> in ~beta/betarun/MACHINE_TYPE/TST/tstdump/tstdump40
    -- PROGRAM-~ in ~beta/betarun/MACHINE_TYPE/TST/tstdump/tstdump40

  comp <PROGRAM-~> in ~beta/betarun/MACHINE_TYPE/TST/tstdump/tstdump40
    -- BETAENV-~ in ~beta/basiclib/betaenv

  basic component in ~beta/basiclib/betaenv
